{"/home/thiago/Projects/indicapp-api/src/useCases/serviceAds/createServiceAd.ts": {"path":"/home/thiago/Projects/indicapp-api/src/useCases/serviceAds/createServiceAd.ts","all":false,"statementMap":{"0":{"start":{"line":1,"column":0},"end":{"line":1,"column":69}},"18":{"start":{"line":19,"column":0},"end":{"line":19,"column":37}},"19":{"start":{"line":20,"column":0},"end":{"line":20,"column":14}},"20":{"start":{"line":21,"column":0},"end":{"line":21,"column":46}},"21":{"start":{"line":22,"column":0},"end":{"line":22,"column":56}},"22":{"start":{"line":23,"column":0},"end":{"line":23,"column":7}},"24":{"start":{"line":25,"column":0},"end":{"line":25,"column":17}},"25":{"start":{"line":26,"column":0},"end":{"line":26,"column":15}},"26":{"start":{"line":27,"column":0},"end":{"line":27,"column":10}},"27":{"start":{"line":28,"column":0},"end":{"line":28,"column":16}},"28":{"start":{"line":29,"column":0},"end":{"line":29,"column":10}},"29":{"start":{"line":30,"column":0},"end":{"line":30,"column":16}},"30":{"start":{"line":31,"column":0},"end":{"line":31,"column":18}},"31":{"start":{"line":32,"column":0},"end":{"line":32,"column":64}},"32":{"start":{"line":33,"column":0},"end":{"line":33,"column":64}},"34":{"start":{"line":35,"column":0},"end":{"line":35,"column":16}},"35":{"start":{"line":36,"column":0},"end":{"line":36,"column":45}},"36":{"start":{"line":37,"column":0},"end":{"line":37,"column":5}},"38":{"start":{"line":39,"column":0},"end":{"line":39,"column":28}},"39":{"start":{"line":40,"column":0},"end":{"line":40,"column":88}},"41":{"start":{"line":42,"column":0},"end":{"line":42,"column":62}},"42":{"start":{"line":43,"column":0},"end":{"line":43,"column":12}},"43":{"start":{"line":44,"column":0},"end":{"line":44,"column":18}},"44":{"start":{"line":45,"column":0},"end":{"line":45,"column":12}},"45":{"start":{"line":46,"column":0},"end":{"line":46,"column":17}},"46":{"start":{"line":47,"column":0},"end":{"line":47,"column":18}},"47":{"start":{"line":48,"column":0},"end":{"line":48,"column":22}},"48":{"start":{"line":49,"column":0},"end":{"line":49,"column":10}},"49":{"start":{"line":50,"column":0},"end":{"line":50,"column":8}},"50":{"start":{"line":51,"column":0},"end":{"line":51,"column":14}},"51":{"start":{"line":52,"column":0},"end":{"line":52,"column":23}},"52":{"start":{"line":53,"column":0},"end":{"line":53,"column":20}},"53":{"start":{"line":54,"column":0},"end":{"line":54,"column":18}},"54":{"start":{"line":55,"column":0},"end":{"line":55,"column":26}},"55":{"start":{"line":56,"column":0},"end":{"line":56,"column":9}},"56":{"start":{"line":57,"column":0},"end":{"line":57,"column":8}},"57":{"start":{"line":58,"column":0},"end":{"line":58,"column":23}},"58":{"start":{"line":59,"column":0},"end":{"line":59,"column":18}},"59":{"start":{"line":60,"column":0},"end":{"line":60,"column":29}},"60":{"start":{"line":61,"column":0},"end":{"line":61,"column":9}},"61":{"start":{"line":62,"column":0},"end":{"line":62,"column":7}},"62":{"start":{"line":63,"column":0},"end":{"line":63,"column":6}},"64":{"start":{"line":65,"column":0},"end":{"line":65,"column":12}},"65":{"start":{"line":66,"column":0},"end":{"line":66,"column":16}},"66":{"start":{"line":67,"column":0},"end":{"line":67,"column":5}},"68":{"start":{"line":69,"column":0},"end":{"line":69,"column":3}},"69":{"start":{"line":70,"column":0},"end":{"line":70,"column":1}}},"s":{"0":1,"18":1,"19":1,"20":5,"21":5,"22":5,"24":1,"25":4,"26":4,"27":4,"28":4,"29":4,"30":4,"31":4,"32":4,"34":4,"35":1,"36":1,"38":3,"39":3,"41":3,"42":3,"43":3,"44":3,"45":3,"46":3,"47":3,"48":3,"49":3,"50":3,"51":3,"52":3,"53":3,"54":3,"55":3,"56":3,"57":3,"58":3,"59":3,"60":3,"61":3,"62":3,"64":3,"65":3,"66":3,"68":4,"69":1},"branchMap":{"0":{"type":"branch","line":20,"loc":{"start":{"line":20,"column":2},"end":{"line":23,"column":7}},"locations":[{"start":{"line":20,"column":2},"end":{"line":23,"column":7}}]},"1":{"type":"branch","line":25,"loc":{"start":{"line":25,"column":2},"end":{"line":69,"column":3}},"locations":[{"start":{"line":25,"column":2},"end":{"line":69,"column":3}}]},"2":{"type":"branch","line":35,"loc":{"start":{"line":35,"column":15},"end":{"line":37,"column":5}},"locations":[{"start":{"line":35,"column":15},"end":{"line":37,"column":5}}]},"3":{"type":"branch","line":37,"loc":{"start":{"line":37,"column":4},"end":{"line":67,"column":5}},"locations":[{"start":{"line":37,"column":4},"end":{"line":67,"column":5}}]}},"b":{"0":[5],"1":[4],"2":[1],"3":[3]},"fnMap":{"0":{"name":"CreateServiceAdUseCase","decl":{"start":{"line":20,"column":2},"end":{"line":23,"column":7}},"loc":{"start":{"line":20,"column":2},"end":{"line":23,"column":7}},"line":20},"1":{"name":"execute","decl":{"start":{"line":25,"column":2},"end":{"line":69,"column":3}},"loc":{"start":{"line":25,"column":2},"end":{"line":69,"column":3}},"line":25}},"f":{"0":5,"1":4}}
,"/home/thiago/Projects/indicapp-api/src/useCases/serviceAds/getServiceAdDetails.ts": {"path":"/home/thiago/Projects/indicapp-api/src/useCases/serviceAds/getServiceAdDetails.ts","all":false,"statementMap":{"0":{"start":{"line":1,"column":0},"end":{"line":1,"column":79}},"8":{"start":{"line":9,"column":0},"end":{"line":9,"column":41}},"9":{"start":{"line":10,"column":0},"end":{"line":10,"column":14}},"10":{"start":{"line":11,"column":0},"end":{"line":11,"column":56}},"11":{"start":{"line":12,"column":0},"end":{"line":12,"column":7}},"13":{"start":{"line":14,"column":0},"end":{"line":14,"column":76}},"14":{"start":{"line":15,"column":0},"end":{"line":15,"column":75}},"16":{"start":{"line":17,"column":0},"end":{"line":17,"column":21}},"17":{"start":{"line":18,"column":0},"end":{"line":18,"column":51}},"18":{"start":{"line":19,"column":0},"end":{"line":19,"column":5}},"20":{"start":{"line":21,"column":0},"end":{"line":21,"column":12}},"21":{"start":{"line":22,"column":0},"end":{"line":22,"column":16}},"22":{"start":{"line":23,"column":0},"end":{"line":23,"column":5}},"23":{"start":{"line":24,"column":0},"end":{"line":24,"column":3}},"24":{"start":{"line":25,"column":0},"end":{"line":25,"column":1}}},"s":{"0":1,"8":1,"9":1,"10":2,"11":2,"13":1,"14":2,"16":2,"17":1,"18":1,"20":1,"21":1,"22":1,"23":2,"24":1},"branchMap":{"0":{"type":"branch","line":10,"loc":{"start":{"line":10,"column":2},"end":{"line":12,"column":7}},"locations":[{"start":{"line":10,"column":2},"end":{"line":12,"column":7}}]},"1":{"type":"branch","line":14,"loc":{"start":{"line":14,"column":2},"end":{"line":24,"column":3}},"locations":[{"start":{"line":14,"column":2},"end":{"line":24,"column":3}}]},"2":{"type":"branch","line":17,"loc":{"start":{"line":17,"column":20},"end":{"line":23,"column":5}},"locations":[{"start":{"line":17,"column":20},"end":{"line":23,"column":5}}]}},"b":{"0":[2],"1":[2],"2":[1]},"fnMap":{"0":{"name":"GetServiceAdDetailsUseCase","decl":{"start":{"line":10,"column":2},"end":{"line":12,"column":7}},"loc":{"start":{"line":10,"column":2},"end":{"line":12,"column":7}},"line":10},"1":{"name":"execute","decl":{"start":{"line":14,"column":2},"end":{"line":24,"column":3}},"loc":{"start":{"line":14,"column":2},"end":{"line":24,"column":3}},"line":14}},"f":{"0":2,"1":2}}
,"/home/thiago/Projects/indicapp-api/src/useCases/serviceAds/updateServiceAd.ts": {"path":"/home/thiago/Projects/indicapp-api/src/useCases/serviceAds/updateServiceAd.ts","all":false,"statementMap":{"0":{"start":{"line":1,"column":0},"end":{"line":1,"column":69}},"20":{"start":{"line":21,"column":0},"end":{"line":21,"column":37}},"21":{"start":{"line":22,"column":0},"end":{"line":22,"column":14}},"22":{"start":{"line":23,"column":0},"end":{"line":23,"column":46}},"23":{"start":{"line":24,"column":0},"end":{"line":24,"column":56}},"24":{"start":{"line":25,"column":0},"end":{"line":25,"column":7}},"26":{"start":{"line":27,"column":0},"end":{"line":27,"column":17}},"27":{"start":{"line":28,"column":0},"end":{"line":28,"column":16}},"28":{"start":{"line":29,"column":0},"end":{"line":29,"column":15}},"29":{"start":{"line":30,"column":0},"end":{"line":30,"column":10}},"30":{"start":{"line":31,"column":0},"end":{"line":31,"column":16}},"31":{"start":{"line":32,"column":0},"end":{"line":32,"column":10}},"32":{"start":{"line":33,"column":0},"end":{"line":33,"column":12}},"33":{"start":{"line":34,"column":0},"end":{"line":34,"column":16}},"34":{"start":{"line":35,"column":0},"end":{"line":35,"column":18}},"35":{"start":{"line":36,"column":0},"end":{"line":36,"column":64}},"36":{"start":{"line":37,"column":0},"end":{"line":37,"column":64}},"38":{"start":{"line":39,"column":0},"end":{"line":39,"column":16}},"39":{"start":{"line":40,"column":0},"end":{"line":40,"column":45}},"40":{"start":{"line":41,"column":0},"end":{"line":41,"column":5}},"42":{"start":{"line":43,"column":0},"end":{"line":43,"column":75}},"43":{"start":{"line":44,"column":0},"end":{"line":44,"column":12}},"44":{"start":{"line":45,"column":0},"end":{"line":45,"column":18}},"45":{"start":{"line":46,"column":0},"end":{"line":46,"column":12}},"46":{"start":{"line":47,"column":0},"end":{"line":47,"column":14}},"47":{"start":{"line":48,"column":0},"end":{"line":48,"column":34}},"48":{"start":{"line":49,"column":0},"end":{"line":49,"column":18}},"49":{"start":{"line":50,"column":0},"end":{"line":50,"column":26}},"50":{"start":{"line":51,"column":0},"end":{"line":51,"column":9}},"51":{"start":{"line":52,"column":0},"end":{"line":52,"column":20}},"52":{"start":{"line":53,"column":0},"end":{"line":53,"column":40}},"53":{"start":{"line":54,"column":0},"end":{"line":54,"column":18}},"54":{"start":{"line":55,"column":0},"end":{"line":55,"column":29}},"55":{"start":{"line":56,"column":0},"end":{"line":56,"column":9}},"56":{"start":{"line":57,"column":0},"end":{"line":57,"column":19}},"57":{"start":{"line":58,"column":0},"end":{"line":58,"column":6}},"59":{"start":{"line":60,"column":0},"end":{"line":60,"column":12}},"60":{"start":{"line":61,"column":0},"end":{"line":61,"column":16}},"61":{"start":{"line":62,"column":0},"end":{"line":62,"column":5}},"62":{"start":{"line":63,"column":0},"end":{"line":63,"column":3}},"63":{"start":{"line":64,"column":0},"end":{"line":64,"column":1}}},"s":{"0":1,"20":1,"21":1,"22":2,"23":2,"24":2,"26":1,"27":2,"28":2,"29":2,"30":2,"31":2,"32":2,"33":2,"34":2,"35":2,"36":2,"38":2,"39":1,"40":1,"42":1,"43":1,"44":1,"45":1,"46":1,"47":2,"48":0,"49":0,"50":0,"51":2,"52":2,"53":0,"54":0,"55":0,"56":2,"57":2,"59":1,"60":1,"61":1,"62":2,"63":1},"branchMap":{"0":{"type":"branch","line":22,"loc":{"start":{"line":22,"column":2},"end":{"line":25,"column":7}},"locations":[{"start":{"line":22,"column":2},"end":{"line":25,"column":7}}]},"1":{"type":"branch","line":27,"loc":{"start":{"line":27,"column":2},"end":{"line":63,"column":3}},"locations":[{"start":{"line":27,"column":2},"end":{"line":63,"column":3}}]},"2":{"type":"branch","line":39,"loc":{"start":{"line":39,"column":15},"end":{"line":48,"column":33}},"locations":[{"start":{"line":39,"column":15},"end":{"line":48,"column":33}}]},"3":{"type":"branch","line":48,"loc":{"start":{"line":48,"column":19},"end":{"line":52,"column":10}},"locations":[{"start":{"line":48,"column":19},"end":{"line":52,"column":10}}]},"4":{"type":"branch","line":52,"loc":{"start":{"line":52,"column":6},"end":{"line":52,"column":20}},"locations":[{"start":{"line":52,"column":6},"end":{"line":52,"column":20}}]},"5":{"type":"branch","line":53,"loc":{"start":{"line":53,"column":22},"end":{"line":57,"column":10}},"locations":[{"start":{"line":53,"column":22},"end":{"line":57,"column":10}}]},"6":{"type":"branch","line":57,"loc":{"start":{"line":57,"column":6},"end":{"line":57,"column":19}},"locations":[{"start":{"line":57,"column":6},"end":{"line":57,"column":19}}]},"7":{"type":"branch","line":58,"loc":{"start":{"line":58,"column":5},"end":{"line":62,"column":5}},"locations":[{"start":{"line":58,"column":5},"end":{"line":62,"column":5}}]}},"b":{"0":[2],"1":[2],"2":[1],"3":[0],"4":[1],"5":[0],"6":[1],"7":[1]},"fnMap":{"0":{"name":"UpdateServiceAdUseCase","decl":{"start":{"line":22,"column":2},"end":{"line":25,"column":7}},"loc":{"start":{"line":22,"column":2},"end":{"line":25,"column":7}},"line":22},"1":{"name":"execute","decl":{"start":{"line":27,"column":2},"end":{"line":63,"column":3}},"loc":{"start":{"line":27,"column":2},"end":{"line":63,"column":3}},"line":27}},"f":{"0":2,"1":2}}
,"/home/thiago/Projects/indicapp-api/src/useCases/serviceAds/factories/makeCreateServiceAdUseCase.ts": {"path":"/home/thiago/Projects/indicapp-api/src/useCases/serviceAds/factories/makeCreateServiceAdUseCase.ts","all":true,"statementMap":{"0":{"start":{"line":1,"column":0},"end":{"line":1,"column":104}},"4":{"start":{"line":5,"column":0},"end":{"line":5,"column":46}},"5":{"start":{"line":6,"column":0},"end":{"line":6,"column":63}},"6":{"start":{"line":7,"column":0},"end":{"line":7,"column":53}},"7":{"start":{"line":8,"column":0},"end":{"line":8,"column":45}},"8":{"start":{"line":9,"column":0},"end":{"line":9,"column":20}},"9":{"start":{"line":10,"column":0},"end":{"line":10,"column":25}},"10":{"start":{"line":11,"column":0},"end":{"line":11,"column":3}},"12":{"start":{"line":13,"column":0},"end":{"line":13,"column":16}},"13":{"start":{"line":14,"column":0},"end":{"line":14,"column":1}}},"s":{"0":0,"4":0,"5":0,"6":0,"7":0,"8":0,"9":0,"10":0,"12":0,"13":0},"branchMap":{"0":{"type":"branch","line":1,"loc":{"start":{"line":1,"column":0},"end":{"line":14,"column":-225}},"locations":[{"start":{"line":1,"column":0},"end":{"line":14,"column":-225}}]}},"b":{"0":[0]},"fnMap":{"0":{"name":"(empty-report)","decl":{"start":{"line":1,"column":0},"end":{"line":14,"column":-225}},"loc":{"start":{"line":1,"column":0},"end":{"line":14,"column":-225}},"line":1}},"f":{"0":0}}
,"/home/thiago/Projects/indicapp-api/src/useCases/serviceAds/factories/makeGetServiceAdDetailsUseCase.ts": {"path":"/home/thiago/Projects/indicapp-api/src/useCases/serviceAds/factories/makeGetServiceAdDetailsUseCase.ts","all":true,"statementMap":{"0":{"start":{"line":1,"column":0},"end":{"line":1,"column":104}},"3":{"start":{"line":4,"column":0},"end":{"line":4,"column":50}},"4":{"start":{"line":5,"column":0},"end":{"line":5,"column":63}},"5":{"start":{"line":6,"column":0},"end":{"line":6,"column":68}},"6":{"start":{"line":7,"column":0},"end":{"line":7,"column":25}},"7":{"start":{"line":8,"column":0},"end":{"line":8,"column":3}},"9":{"start":{"line":10,"column":0},"end":{"line":10,"column":35}},"10":{"start":{"line":11,"column":0},"end":{"line":11,"column":1}}},"s":{"0":0,"3":0,"4":0,"5":0,"6":0,"7":0,"9":0,"10":0},"branchMap":{"0":{"type":"branch","line":1,"loc":{"start":{"line":1,"column":0},"end":{"line":11,"column":-138}},"locations":[{"start":{"line":1,"column":0},"end":{"line":11,"column":-138}}]}},"b":{"0":[0]},"fnMap":{"0":{"name":"(empty-report)","decl":{"start":{"line":1,"column":0},"end":{"line":11,"column":-138}},"loc":{"start":{"line":1,"column":0},"end":{"line":11,"column":-138}},"line":1}},"f":{"0":0}}
,"/home/thiago/Projects/indicapp-api/src/useCases/serviceAds/factories/makeUpdateServiceAdUseCase.ts": {"path":"/home/thiago/Projects/indicapp-api/src/useCases/serviceAds/factories/makeUpdateServiceAdUseCase.ts","all":true,"statementMap":{"0":{"start":{"line":1,"column":0},"end":{"line":1,"column":104}},"4":{"start":{"line":5,"column":0},"end":{"line":5,"column":46}},"5":{"start":{"line":6,"column":0},"end":{"line":6,"column":63}},"6":{"start":{"line":7,"column":0},"end":{"line":7,"column":53}},"7":{"start":{"line":8,"column":0},"end":{"line":8,"column":45}},"8":{"start":{"line":9,"column":0},"end":{"line":9,"column":20}},"9":{"start":{"line":10,"column":0},"end":{"line":10,"column":25}},"10":{"start":{"line":11,"column":0},"end":{"line":11,"column":3}},"12":{"start":{"line":13,"column":0},"end":{"line":13,"column":16}},"13":{"start":{"line":14,"column":0},"end":{"line":14,"column":1}}},"s":{"0":0,"4":0,"5":0,"6":0,"7":0,"8":0,"9":0,"10":0,"12":0,"13":0},"branchMap":{"0":{"type":"branch","line":1,"loc":{"start":{"line":1,"column":0},"end":{"line":14,"column":-225}},"locations":[{"start":{"line":1,"column":0},"end":{"line":14,"column":-225}}]}},"b":{"0":[0]},"fnMap":{"0":{"name":"(empty-report)","decl":{"start":{"line":1,"column":0},"end":{"line":14,"column":-225}},"loc":{"start":{"line":1,"column":0},"end":{"line":14,"column":-225}},"line":1}},"f":{"0":0}}
,"/home/thiago/Projects/indicapp-api/src/useCases/users/createUserUseCase.ts": {"path":"/home/thiago/Projects/indicapp-api/src/useCases/users/createUserUseCase.ts","all":false,"statementMap":{"0":{"start":{"line":1,"column":0},"end":{"line":1,"column":73}},"21":{"start":{"line":22,"column":0},"end":{"line":22,"column":32}},"22":{"start":{"line":23,"column":0},"end":{"line":23,"column":14}},"23":{"start":{"line":24,"column":0},"end":{"line":24,"column":45}},"24":{"start":{"line":25,"column":0},"end":{"line":25,"column":7}},"26":{"start":{"line":27,"column":0},"end":{"line":27,"column":17}},"27":{"start":{"line":28,"column":0},"end":{"line":28,"column":93}},"28":{"start":{"line":29,"column":0},"end":{"line":29,"column":60}},"29":{"start":{"line":30,"column":0},"end":{"line":30,"column":75}},"30":{"start":{"line":31,"column":0},"end":{"line":31,"column":28}},"31":{"start":{"line":32,"column":0},"end":{"line":32,"column":40}},"32":{"start":{"line":33,"column":0},"end":{"line":33,"column":5}},"33":{"start":{"line":34,"column":0},"end":{"line":34,"column":21}},"34":{"start":{"line":35,"column":0},"end":{"line":35,"column":16}},"35":{"start":{"line":36,"column":0},"end":{"line":36,"column":49}},"36":{"start":{"line":37,"column":0},"end":{"line":37,"column":73}},"37":{"start":{"line":38,"column":0},"end":{"line":38,"column":5}},"39":{"start":{"line":40,"column":0},"end":{"line":40,"column":52}},"40":{"start":{"line":41,"column":0},"end":{"line":41,"column":9}},"41":{"start":{"line":42,"column":0},"end":{"line":42,"column":11}},"42":{"start":{"line":43,"column":0},"end":{"line":43,"column":12}},"43":{"start":{"line":44,"column":0},"end":{"line":44,"column":26}},"44":{"start":{"line":45,"column":0},"end":{"line":45,"column":22}},"45":{"start":{"line":46,"column":0},"end":{"line":46,"column":16}},"46":{"start":{"line":47,"column":0},"end":{"line":47,"column":12}},"47":{"start":{"line":48,"column":0},"end":{"line":48,"column":21}},"48":{"start":{"line":49,"column":0},"end":{"line":49,"column":20}},"49":{"start":{"line":50,"column":0},"end":{"line":50,"column":6}},"51":{"start":{"line":52,"column":0},"end":{"line":52,"column":19}},"52":{"start":{"line":53,"column":0},"end":{"line":53,"column":3}},"53":{"start":{"line":54,"column":0},"end":{"line":54,"column":1}}},"s":{"0":1,"21":1,"22":1,"23":3,"24":3,"26":1,"27":4,"28":4,"29":4,"30":4,"31":1,"32":1,"33":3,"34":3,"35":3,"36":3,"37":3,"39":2,"40":2,"41":2,"42":2,"43":2,"44":2,"45":2,"46":2,"47":2,"48":2,"49":2,"51":2,"52":4,"53":1},"branchMap":{"0":{"type":"branch","line":23,"loc":{"start":{"line":23,"column":2},"end":{"line":25,"column":7}},"locations":[{"start":{"line":23,"column":2},"end":{"line":25,"column":7}}]},"1":{"type":"branch","line":27,"loc":{"start":{"line":27,"column":2},"end":{"line":53,"column":3}},"locations":[{"start":{"line":27,"column":2},"end":{"line":53,"column":3}}]},"2":{"type":"branch","line":31,"loc":{"start":{"line":31,"column":27},"end":{"line":33,"column":5}},"locations":[{"start":{"line":31,"column":27},"end":{"line":33,"column":5}}]},"3":{"type":"branch","line":33,"loc":{"start":{"line":33,"column":4},"end":{"line":38,"column":5}},"locations":[{"start":{"line":33,"column":4},"end":{"line":38,"column":5}}]},"4":{"type":"branch","line":37,"loc":{"start":{"line":37,"column":38},"end":{"line":37,"column":73}},"locations":[{"start":{"line":37,"column":38},"end":{"line":37,"column":73}}]},"5":{"type":"branch","line":38,"loc":{"start":{"line":38,"column":4},"end":{"line":52,"column":19}},"locations":[{"start":{"line":38,"column":4},"end":{"line":52,"column":19}}]}},"b":{"0":[3],"1":[4],"2":[1],"3":[3],"4":[1],"5":[2]},"fnMap":{"0":{"name":"CreateUserUseCase","decl":{"start":{"line":23,"column":2},"end":{"line":25,"column":7}},"loc":{"start":{"line":23,"column":2},"end":{"line":25,"column":7}},"line":23},"1":{"name":"execute","decl":{"start":{"line":27,"column":2},"end":{"line":53,"column":3}},"loc":{"start":{"line":27,"column":2},"end":{"line":53,"column":3}},"line":27}},"f":{"0":3,"1":4}}
,"/home/thiago/Projects/indicapp-api/src/useCases/users/deleteUserUseCase.ts": {"path":"/home/thiago/Projects/indicapp-api/src/useCases/users/deleteUserUseCase.ts","all":false,"statementMap":{"0":{"start":{"line":1,"column":0},"end":{"line":1,"column":73}},"4":{"start":{"line":5,"column":0},"end":{"line":5,"column":32}},"5":{"start":{"line":6,"column":0},"end":{"line":6,"column":68}},"7":{"start":{"line":8,"column":0},"end":{"line":8,"column":33}},"9":{"start":{"line":10,"column":0},"end":{"line":10,"column":68}},"11":{"start":{"line":12,"column":0},"end":{"line":12,"column":24}},"12":{"start":{"line":13,"column":0},"end":{"line":13,"column":42}},"13":{"start":{"line":14,"column":0},"end":{"line":14,"column":5}},"16":{"start":{"line":17,"column":0},"end":{"line":17,"column":45}},"18":{"start":{"line":19,"column":0},"end":{"line":19,"column":12}},"19":{"start":{"line":20,"column":0},"end":{"line":20,"column":20}},"20":{"start":{"line":21,"column":0},"end":{"line":21,"column":52}},"21":{"start":{"line":22,"column":0},"end":{"line":22,"column":6}},"22":{"start":{"line":23,"column":0},"end":{"line":23,"column":3}},"23":{"start":{"line":24,"column":0},"end":{"line":24,"column":1}}},"s":{"0":1,"4":1,"5":1,"7":1,"9":3,"11":3,"12":2,"13":2,"16":1,"18":1,"19":1,"20":1,"21":1,"22":3,"23":1},"branchMap":{"0":{"type":"branch","line":6,"loc":{"start":{"line":6,"column":2},"end":{"line":6,"column":68}},"locations":[{"start":{"line":6,"column":2},"end":{"line":6,"column":68}}]},"1":{"type":"branch","line":8,"loc":{"start":{"line":8,"column":2},"end":{"line":23,"column":3}},"locations":[{"start":{"line":8,"column":2},"end":{"line":23,"column":3}}]},"2":{"type":"branch","line":12,"loc":{"start":{"line":12,"column":23},"end":{"line":14,"column":5}},"locations":[{"start":{"line":12,"column":23},"end":{"line":14,"column":5}}]},"3":{"type":"branch","line":14,"loc":{"start":{"line":14,"column":4},"end":{"line":22,"column":6}},"locations":[{"start":{"line":14,"column":4},"end":{"line":22,"column":6}}]}},"b":{"0":[3],"1":[3],"2":[2],"3":[1]},"fnMap":{"0":{"name":"DeleteUserUseCase","decl":{"start":{"line":6,"column":2},"end":{"line":6,"column":68}},"loc":{"start":{"line":6,"column":2},"end":{"line":6,"column":68}},"line":6},"1":{"name":"execute","decl":{"start":{"line":8,"column":2},"end":{"line":23,"column":3}},"loc":{"start":{"line":8,"column":2},"end":{"line":23,"column":3}},"line":8}},"f":{"0":3,"1":3}}
,"/home/thiago/Projects/indicapp-api/src/useCases/users/getUserByAccountIdUseCase.ts": {"path":"/home/thiago/Projects/indicapp-api/src/useCases/users/getUserByAccountIdUseCase.ts","all":true,"statementMap":{"0":{"start":{"line":1,"column":0},"end":{"line":1,"column":72}},"4":{"start":{"line":5,"column":0},"end":{"line":5,"column":40}},"5":{"start":{"line":6,"column":0},"end":{"line":6,"column":60}},"7":{"start":{"line":8,"column":0},"end":{"line":8,"column":51}},"8":{"start":{"line":9,"column":0},"end":{"line":9,"column":70}},"10":{"start":{"line":11,"column":0},"end":{"line":11,"column":16}},"11":{"start":{"line":12,"column":0},"end":{"line":12,"column":44}},"12":{"start":{"line":13,"column":0},"end":{"line":13,"column":5}},"14":{"start":{"line":15,"column":0},"end":{"line":15,"column":15}},"15":{"start":{"line":16,"column":0},"end":{"line":16,"column":3}},"16":{"start":{"line":17,"column":0},"end":{"line":17,"column":1}}},"s":{"0":0,"4":0,"5":0,"7":0,"8":0,"10":0,"11":0,"12":0,"14":0,"15":0,"16":0},"branchMap":{"0":{"type":"branch","line":1,"loc":{"start":{"line":1,"column":492},"end":{"line":17,"column":1}},"locations":[{"start":{"line":1,"column":492},"end":{"line":17,"column":1}}]}},"b":{"0":[0]},"fnMap":{"0":{"name":"(empty-report)","decl":{"start":{"line":1,"column":492},"end":{"line":17,"column":1}},"loc":{"start":{"line":1,"column":492},"end":{"line":17,"column":1}},"line":1}},"f":{"0":0}}
,"/home/thiago/Projects/indicapp-api/src/useCases/users/getUserByEmailUseCase.ts": {"path":"/home/thiago/Projects/indicapp-api/src/useCases/users/getUserByEmailUseCase.ts","all":true,"statementMap":{"0":{"start":{"line":1,"column":0},"end":{"line":1,"column":72}},"4":{"start":{"line":5,"column":0},"end":{"line":5,"column":36}},"5":{"start":{"line":6,"column":0},"end":{"line":6,"column":60}},"7":{"start":{"line":8,"column":0},"end":{"line":8,"column":47}},"8":{"start":{"line":9,"column":0},"end":{"line":9,"column":62}},"10":{"start":{"line":11,"column":0},"end":{"line":11,"column":16}},"11":{"start":{"line":12,"column":0},"end":{"line":12,"column":40}},"12":{"start":{"line":13,"column":0},"end":{"line":13,"column":5}},"14":{"start":{"line":15,"column":0},"end":{"line":15,"column":15}},"15":{"start":{"line":16,"column":0},"end":{"line":16,"column":3}},"16":{"start":{"line":17,"column":0},"end":{"line":17,"column":1}}},"s":{"0":0,"4":0,"5":0,"7":0,"8":0,"10":0,"11":0,"12":0,"14":0,"15":0,"16":0},"branchMap":{"0":{"type":"branch","line":1,"loc":{"start":{"line":1,"column":472},"end":{"line":17,"column":1}},"locations":[{"start":{"line":1,"column":472},"end":{"line":17,"column":1}}]}},"b":{"0":[0]},"fnMap":{"0":{"name":"(empty-report)","decl":{"start":{"line":1,"column":472},"end":{"line":17,"column":1}},"loc":{"start":{"line":1,"column":472},"end":{"line":17,"column":1}},"line":1}},"f":{"0":0}}
,"/home/thiago/Projects/indicapp-api/src/useCases/users/getUserByIdUseCase.ts": {"path":"/home/thiago/Projects/indicapp-api/src/useCases/users/getUserByIdUseCase.ts","all":false,"statementMap":{"0":{"start":{"line":1,"column":0},"end":{"line":1,"column":72}},"4":{"start":{"line":5,"column":0},"end":{"line":5,"column":33}},"5":{"start":{"line":6,"column":0},"end":{"line":6,"column":60}},"7":{"start":{"line":8,"column":0},"end":{"line":8,"column":48}},"8":{"start":{"line":9,"column":0},"end":{"line":9,"column":60}},"10":{"start":{"line":11,"column":0},"end":{"line":11,"column":16}},"11":{"start":{"line":12,"column":0},"end":{"line":12,"column":41}},"12":{"start":{"line":13,"column":0},"end":{"line":13,"column":5}},"14":{"start":{"line":15,"column":0},"end":{"line":15,"column":15}},"15":{"start":{"line":16,"column":0},"end":{"line":16,"column":3}},"16":{"start":{"line":17,"column":0},"end":{"line":17,"column":1}}},"s":{"0":1,"4":1,"5":1,"7":1,"8":2,"10":2,"11":1,"12":1,"14":1,"15":2,"16":1},"branchMap":{"0":{"type":"branch","line":6,"loc":{"start":{"line":6,"column":2},"end":{"line":6,"column":60}},"locations":[{"start":{"line":6,"column":2},"end":{"line":6,"column":60}}]},"1":{"type":"branch","line":8,"loc":{"start":{"line":8,"column":2},"end":{"line":16,"column":3}},"locations":[{"start":{"line":8,"column":2},"end":{"line":16,"column":3}}]},"2":{"type":"branch","line":11,"loc":{"start":{"line":11,"column":15},"end":{"line":15,"column":15}},"locations":[{"start":{"line":11,"column":15},"end":{"line":15,"column":15}}]}},"b":{"0":[2],"1":[2],"2":[1]},"fnMap":{"0":{"name":"GetUserByIdUseCase","decl":{"start":{"line":6,"column":2},"end":{"line":6,"column":60}},"loc":{"start":{"line":6,"column":2},"end":{"line":6,"column":60}},"line":6},"1":{"name":"execute","decl":{"start":{"line":8,"column":2},"end":{"line":16,"column":3}},"loc":{"start":{"line":8,"column":2},"end":{"line":16,"column":3}},"line":8}},"f":{"0":2,"1":2}}
,"/home/thiago/Projects/indicapp-api/src/useCases/users/updateUserPhoneUseCase.ts": {"path":"/home/thiago/Projects/indicapp-api/src/useCases/users/updateUserPhoneUseCase.ts","all":false,"statementMap":{"0":{"start":{"line":1,"column":0},"end":{"line":1,"column":73}},"11":{"start":{"line":12,"column":0},"end":{"line":12,"column":37}},"12":{"start":{"line":13,"column":0},"end":{"line":13,"column":60}},"14":{"start":{"line":15,"column":0},"end":{"line":15,"column":17}},"15":{"start":{"line":16,"column":0},"end":{"line":16,"column":11}},"16":{"start":{"line":17,"column":0},"end":{"line":17,"column":10}},"17":{"start":{"line":18,"column":0},"end":{"line":18,"column":21}},"18":{"start":{"line":19,"column":0},"end":{"line":19,"column":52}},"19":{"start":{"line":20,"column":0},"end":{"line":20,"column":60}},"21":{"start":{"line":22,"column":0},"end":{"line":22,"column":16}},"22":{"start":{"line":23,"column":0},"end":{"line":23,"column":41}},"23":{"start":{"line":24,"column":0},"end":{"line":24,"column":5}},"25":{"start":{"line":26,"column":0},"end":{"line":26,"column":53}},"26":{"start":{"line":27,"column":0},"end":{"line":27,"column":37}},"27":{"start":{"line":28,"column":0},"end":{"line":28,"column":41}},"28":{"start":{"line":29,"column":0},"end":{"line":29,"column":5}},"30":{"start":{"line":31,"column":0},"end":{"line":31,"column":67}},"31":{"start":{"line":32,"column":0},"end":{"line":32,"column":26}},"32":{"start":{"line":33,"column":0},"end":{"line":33,"column":31}},"33":{"start":{"line":34,"column":0},"end":{"line":34,"column":6}},"35":{"start":{"line":36,"column":0},"end":{"line":36,"column":22}},"36":{"start":{"line":37,"column":0},"end":{"line":37,"column":3}},"37":{"start":{"line":38,"column":0},"end":{"line":38,"column":1}}},"s":{"0":1,"11":1,"12":1,"14":1,"15":4,"16":4,"17":4,"18":4,"19":4,"21":4,"22":1,"23":1,"25":3,"26":4,"27":1,"28":1,"30":2,"31":2,"32":2,"33":2,"35":2,"36":4,"37":1},"branchMap":{"0":{"type":"branch","line":13,"loc":{"start":{"line":13,"column":2},"end":{"line":13,"column":60}},"locations":[{"start":{"line":13,"column":2},"end":{"line":13,"column":60}}]},"1":{"type":"branch","line":15,"loc":{"start":{"line":15,"column":2},"end":{"line":37,"column":3}},"locations":[{"start":{"line":15,"column":2},"end":{"line":37,"column":3}}]},"2":{"type":"branch","line":22,"loc":{"start":{"line":22,"column":15},"end":{"line":24,"column":5}},"locations":[{"start":{"line":22,"column":15},"end":{"line":24,"column":5}}]},"3":{"type":"branch","line":24,"loc":{"start":{"line":24,"column":4},"end":{"line":27,"column":36}},"locations":[{"start":{"line":24,"column":4},"end":{"line":27,"column":36}}]},"4":{"type":"branch","line":27,"loc":{"start":{"line":27,"column":36},"end":{"line":29,"column":5}},"locations":[{"start":{"line":27,"column":36},"end":{"line":29,"column":5}}]},"5":{"type":"branch","line":29,"loc":{"start":{"line":29,"column":4},"end":{"line":36,"column":22}},"locations":[{"start":{"line":29,"column":4},"end":{"line":36,"column":22}}]}},"b":{"0":[4],"1":[4],"2":[1],"3":[3],"4":[1],"5":[2]},"fnMap":{"0":{"name":"UpdateUserPhoneUseCase","decl":{"start":{"line":13,"column":2},"end":{"line":13,"column":60}},"loc":{"start":{"line":13,"column":2},"end":{"line":13,"column":60}},"line":13},"1":{"name":"execute","decl":{"start":{"line":15,"column":2},"end":{"line":37,"column":3}},"loc":{"start":{"line":15,"column":2},"end":{"line":37,"column":3}},"line":15}},"f":{"0":4,"1":4}}
,"/home/thiago/Projects/indicapp-api/src/useCases/users/updateUserUseCase.ts": {"path":"/home/thiago/Projects/indicapp-api/src/useCases/users/updateUserUseCase.ts","all":false,"statementMap":{"0":{"start":{"line":1,"column":0},"end":{"line":1,"column":72}},"13":{"start":{"line":14,"column":0},"end":{"line":14,"column":32}},"14":{"start":{"line":15,"column":0},"end":{"line":15,"column":60}},"16":{"start":{"line":17,"column":0},"end":{"line":17,"column":17}},"17":{"start":{"line":18,"column":0},"end":{"line":18,"column":11}},"18":{"start":{"line":19,"column":0},"end":{"line":19,"column":9}},"19":{"start":{"line":20,"column":0},"end":{"line":20,"column":10}},"20":{"start":{"line":21,"column":0},"end":{"line":21,"column":10}},"21":{"start":{"line":22,"column":0},"end":{"line":22,"column":10}},"22":{"start":{"line":23,"column":0},"end":{"line":23,"column":47}},"23":{"start":{"line":24,"column":0},"end":{"line":24,"column":60}},"25":{"start":{"line":26,"column":0},"end":{"line":26,"column":16}},"26":{"start":{"line":27,"column":0},"end":{"line":27,"column":41}},"27":{"start":{"line":28,"column":0},"end":{"line":28,"column":5}},"29":{"start":{"line":30,"column":0},"end":{"line":30,"column":21}},"30":{"start":{"line":31,"column":0},"end":{"line":31,"column":16}},"31":{"start":{"line":32,"column":0},"end":{"line":32,"column":49}},"32":{"start":{"line":33,"column":0},"end":{"line":33,"column":73}},"33":{"start":{"line":34,"column":0},"end":{"line":34,"column":5}},"35":{"start":{"line":36,"column":0},"end":{"line":36,"column":67}},"36":{"start":{"line":37,"column":0},"end":{"line":37,"column":30}},"37":{"start":{"line":38,"column":0},"end":{"line":38,"column":33}},"38":{"start":{"line":39,"column":0},"end":{"line":39,"column":40}},"39":{"start":{"line":40,"column":0},"end":{"line":40,"column":33}},"40":{"start":{"line":41,"column":0},"end":{"line":41,"column":6}},"42":{"start":{"line":43,"column":0},"end":{"line":43,"column":22}},"43":{"start":{"line":44,"column":0},"end":{"line":44,"column":3}},"44":{"start":{"line":45,"column":0},"end":{"line":45,"column":1}}},"s":{"0":1,"13":1,"14":1,"16":1,"17":4,"18":4,"19":4,"20":4,"21":4,"22":4,"23":4,"25":4,"26":1,"27":1,"29":3,"30":4,"31":2,"32":2,"33":2,"35":2,"36":4,"37":4,"38":4,"39":4,"40":4,"42":2,"43":4,"44":1},"branchMap":{"0":{"type":"branch","line":15,"loc":{"start":{"line":15,"column":2},"end":{"line":15,"column":60}},"locations":[{"start":{"line":15,"column":2},"end":{"line":15,"column":60}}]},"1":{"type":"branch","line":17,"loc":{"start":{"line":17,"column":2},"end":{"line":44,"column":3}},"locations":[{"start":{"line":17,"column":2},"end":{"line":44,"column":3}}]},"2":{"type":"branch","line":26,"loc":{"start":{"line":26,"column":15},"end":{"line":28,"column":5}},"locations":[{"start":{"line":26,"column":15},"end":{"line":28,"column":5}}]},"3":{"type":"branch","line":28,"loc":{"start":{"line":28,"column":4},"end":{"line":31,"column":15}},"locations":[{"start":{"line":28,"column":4},"end":{"line":31,"column":15}}]},"4":{"type":"branch","line":31,"loc":{"start":{"line":31,"column":15},"end":{"line":37,"column":20}},"locations":[{"start":{"line":31,"column":15},"end":{"line":37,"column":20}}]},"5":{"type":"branch","line":33,"loc":{"start":{"line":33,"column":38},"end":{"line":33,"column":73}},"locations":[{"start":{"line":33,"column":38},"end":{"line":33,"column":73}}]},"6":{"type":"branch","line":37,"loc":{"start":{"line":37,"column":12},"end":{"line":37,"column":30}},"locations":[{"start":{"line":37,"column":12},"end":{"line":37,"column":30}}]},"7":{"type":"branch","line":38,"loc":{"start":{"line":38,"column":13},"end":{"line":38,"column":33}},"locations":[{"start":{"line":38,"column":13},"end":{"line":38,"column":33}}]},"8":{"type":"branch","line":39,"loc":{"start":{"line":39,"column":13},"end":{"line":39,"column":40}},"locations":[{"start":{"line":39,"column":13},"end":{"line":39,"column":40}}]},"9":{"type":"branch","line":40,"loc":{"start":{"line":40,"column":13},"end":{"line":40,"column":33}},"locations":[{"start":{"line":40,"column":13},"end":{"line":40,"column":33}}]},"10":{"type":"branch","line":41,"loc":{"start":{"line":41,"column":5},"end":{"line":43,"column":22}},"locations":[{"start":{"line":41,"column":5},"end":{"line":43,"column":22}}]}},"b":{"0":[4],"1":[4],"2":[1],"3":[3],"4":[2],"5":[1],"6":[0],"7":[1],"8":[1],"9":[1],"10":[2]},"fnMap":{"0":{"name":"UpdateUserUseCase","decl":{"start":{"line":15,"column":2},"end":{"line":15,"column":60}},"loc":{"start":{"line":15,"column":2},"end":{"line":15,"column":60}},"line":15},"1":{"name":"execute","decl":{"start":{"line":17,"column":2},"end":{"line":44,"column":3}},"loc":{"start":{"line":17,"column":2},"end":{"line":44,"column":3}},"line":17}},"f":{"0":4,"1":4}}
,"/home/thiago/Projects/indicapp-api/src/useCases/users/errors/EmailAlreadyInUseError.ts": {"path":"/home/thiago/Projects/indicapp-api/src/useCases/users/errors/EmailAlreadyInUseError.ts","all":false,"statementMap":{"0":{"start":{"line":1,"column":0},"end":{"line":1,"column":51}},"1":{"start":{"line":2,"column":0},"end":{"line":2,"column":19}},"2":{"start":{"line":3,"column":0},"end":{"line":3,"column":37}},"3":{"start":{"line":4,"column":0},"end":{"line":4,"column":5}},"4":{"start":{"line":5,"column":0},"end":{"line":5,"column":3}}},"s":{"0":1,"1":1,"2":1,"3":1,"4":1},"branchMap":{"0":{"type":"branch","line":2,"loc":{"start":{"line":2,"column":4},"end":{"line":4,"column":5}},"locations":[{"start":{"line":2,"column":4},"end":{"line":4,"column":5}}]}},"b":{"0":[1]},"fnMap":{"0":{"name":"EmailAlreadyInUseError","decl":{"start":{"line":2,"column":4},"end":{"line":4,"column":5}},"loc":{"start":{"line":2,"column":4},"end":{"line":4,"column":5}},"line":2}},"f":{"0":1}}
,"/home/thiago/Projects/indicapp-api/src/useCases/users/errors/InvalidPhoneNumberError.ts": {"path":"/home/thiago/Projects/indicapp-api/src/useCases/users/errors/InvalidPhoneNumberError.ts","all":false,"statementMap":{"0":{"start":{"line":1,"column":0},"end":{"line":1,"column":52}},"1":{"start":{"line":2,"column":0},"end":{"line":2,"column":19}},"2":{"start":{"line":3,"column":0},"end":{"line":3,"column":36}},"3":{"start":{"line":4,"column":0},"end":{"line":4,"column":5}},"4":{"start":{"line":5,"column":0},"end":{"line":5,"column":3}}},"s":{"0":1,"1":1,"2":3,"3":3,"4":1},"branchMap":{"0":{"type":"branch","line":2,"loc":{"start":{"line":2,"column":4},"end":{"line":4,"column":5}},"locations":[{"start":{"line":2,"column":4},"end":{"line":4,"column":5}}]}},"b":{"0":[3]},"fnMap":{"0":{"name":"InvalidPhoneNumberError","decl":{"start":{"line":2,"column":4},"end":{"line":4,"column":5}},"loc":{"start":{"line":2,"column":4},"end":{"line":4,"column":5}},"line":2}},"f":{"0":3}}
,"/home/thiago/Projects/indicapp-api/src/useCases/users/errors/UserNotFoundError.ts": {"path":"/home/thiago/Projects/indicapp-api/src/useCases/users/errors/UserNotFoundError.ts","all":false,"statementMap":{"0":{"start":{"line":1,"column":0},"end":{"line":1,"column":46}},"1":{"start":{"line":2,"column":0},"end":{"line":2,"column":27}},"2":{"start":{"line":3,"column":0},"end":{"line":3,"column":42}},"3":{"start":{"line":4,"column":0},"end":{"line":4,"column":36}},"4":{"start":{"line":5,"column":0},"end":{"line":5,"column":3}},"5":{"start":{"line":6,"column":0},"end":{"line":6,"column":1}}},"s":{"0":1,"1":1,"2":5,"3":5,"4":5,"5":1},"branchMap":{"0":{"type":"branch","line":2,"loc":{"start":{"line":2,"column":2},"end":{"line":5,"column":3}},"locations":[{"start":{"line":2,"column":2},"end":{"line":5,"column":3}}]}},"b":{"0":[5]},"fnMap":{"0":{"name":"UserNotFoundError","decl":{"start":{"line":2,"column":2},"end":{"line":5,"column":3}},"loc":{"start":{"line":2,"column":2},"end":{"line":5,"column":3}},"line":2}},"f":{"0":5}}
,"/home/thiago/Projects/indicapp-api/src/useCases/users/factories/makeCreateUserUseCase.ts": {"path":"/home/thiago/Projects/indicapp-api/src/useCases/users/factories/makeCreateUserUseCase.ts","all":true,"statementMap":{"0":{"start":{"line":1,"column":0},"end":{"line":1,"column":90}},"3":{"start":{"line":4,"column":0},"end":{"line":4,"column":44}},"4":{"start":{"line":5,"column":0},"end":{"line":5,"column":53}},"5":{"start":{"line":6,"column":0},"end":{"line":6,"column":69}},"7":{"start":{"line":8,"column":0},"end":{"line":8,"column":30}},"8":{"start":{"line":9,"column":0},"end":{"line":9,"column":1}}},"s":{"0":0,"3":0,"4":0,"5":0,"7":0,"8":0},"branchMap":{"0":{"type":"branch","line":1,"loc":{"start":{"line":1,"column":0},"end":{"line":9,"column":-131}},"locations":[{"start":{"line":1,"column":0},"end":{"line":9,"column":-131}}]}},"b":{"0":[0]},"fnMap":{"0":{"name":"(empty-report)","decl":{"start":{"line":1,"column":0},"end":{"line":9,"column":-131}},"loc":{"start":{"line":1,"column":0},"end":{"line":9,"column":-131}},"line":1}},"f":{"0":0}}
,"/home/thiago/Projects/indicapp-api/src/useCases/users/factories/makeDeleteUserUseCase.ts": {"path":"/home/thiago/Projects/indicapp-api/src/useCases/users/factories/makeDeleteUserUseCase.ts","all":true,"statementMap":{"0":{"start":{"line":1,"column":0},"end":{"line":1,"column":90}},"3":{"start":{"line":4,"column":0},"end":{"line":4,"column":41}},"4":{"start":{"line":5,"column":0},"end":{"line":5,"column":53}},"5":{"start":{"line":6,"column":0},"end":{"line":6,"column":67}},"7":{"start":{"line":8,"column":0},"end":{"line":8,"column":28}},"8":{"start":{"line":9,"column":0},"end":{"line":9,"column":1}}},"s":{"0":0,"3":0,"4":0,"5":0,"7":0,"8":0},"branchMap":{"0":{"type":"branch","line":1,"loc":{"start":{"line":1,"column":0},"end":{"line":9,"column":-144}},"locations":[{"start":{"line":1,"column":0},"end":{"line":9,"column":-144}}]}},"b":{"0":[0]},"fnMap":{"0":{"name":"(empty-report)","decl":{"start":{"line":1,"column":0},"end":{"line":9,"column":-144}},"loc":{"start":{"line":1,"column":0},"end":{"line":9,"column":-144}},"line":1}},"f":{"0":0}}
,"/home/thiago/Projects/indicapp-api/src/useCases/users/factories/makeGetUserByEmailUseCase.ts": {"path":"/home/thiago/Projects/indicapp-api/src/useCases/users/factories/makeGetUserByEmailUseCase.ts","all":true,"statementMap":{"0":{"start":{"line":1,"column":0},"end":{"line":1,"column":90}},"3":{"start":{"line":4,"column":0},"end":{"line":4,"column":45}},"4":{"start":{"line":5,"column":0},"end":{"line":5,"column":54}},"5":{"start":{"line":6,"column":0},"end":{"line":6,"column":75}},"7":{"start":{"line":8,"column":0},"end":{"line":8,"column":31}},"8":{"start":{"line":9,"column":0},"end":{"line":9,"column":1}}},"s":{"0":0,"3":0,"4":0,"5":0,"7":0,"8":0},"branchMap":{"0":{"type":"branch","line":1,"loc":{"start":{"line":1,"column":0},"end":{"line":9,"column":-138}},"locations":[{"start":{"line":1,"column":0},"end":{"line":9,"column":-138}}]}},"b":{"0":[0]},"fnMap":{"0":{"name":"(empty-report)","decl":{"start":{"line":1,"column":0},"end":{"line":9,"column":-138}},"loc":{"start":{"line":1,"column":0},"end":{"line":9,"column":-138}},"line":1}},"f":{"0":0}}
,"/home/thiago/Projects/indicapp-api/src/useCases/users/factories/makeGetUserByIdUseCase.ts": {"path":"/home/thiago/Projects/indicapp-api/src/useCases/users/factories/makeGetUserByIdUseCase.ts","all":true,"statementMap":{"0":{"start":{"line":1,"column":0},"end":{"line":1,"column":90}},"3":{"start":{"line":4,"column":0},"end":{"line":4,"column":42}},"4":{"start":{"line":5,"column":0},"end":{"line":5,"column":53}},"5":{"start":{"line":6,"column":0},"end":{"line":6,"column":68}},"7":{"start":{"line":8,"column":0},"end":{"line":8,"column":28}},"8":{"start":{"line":9,"column":0},"end":{"line":9,"column":1}}},"s":{"0":0,"3":0,"4":0,"5":0,"7":0,"8":0},"branchMap":{"0":{"type":"branch","line":1,"loc":{"start":{"line":1,"column":0},"end":{"line":9,"column":-145}},"locations":[{"start":{"line":1,"column":0},"end":{"line":9,"column":-145}}]}},"b":{"0":[0]},"fnMap":{"0":{"name":"(empty-report)","decl":{"start":{"line":1,"column":0},"end":{"line":9,"column":-145}},"loc":{"start":{"line":1,"column":0},"end":{"line":9,"column":-145}},"line":1}},"f":{"0":0}}
,"/home/thiago/Projects/indicapp-api/src/useCases/users/factories/makeUpdateUserPhoneUseCase.ts": {"path":"/home/thiago/Projects/indicapp-api/src/useCases/users/factories/makeUpdateUserPhoneUseCase.ts","all":true,"statementMap":{"0":{"start":{"line":1,"column":0},"end":{"line":1,"column":89}},"3":{"start":{"line":4,"column":0},"end":{"line":4,"column":46}},"4":{"start":{"line":5,"column":0},"end":{"line":5,"column":53}},"5":{"start":{"line":6,"column":0},"end":{"line":6,"column":76}},"7":{"start":{"line":8,"column":0},"end":{"line":8,"column":31}},"8":{"start":{"line":9,"column":0},"end":{"line":9,"column":1}}},"s":{"0":0,"3":0,"4":0,"5":0,"7":0,"8":0},"branchMap":{"0":{"type":"branch","line":1,"loc":{"start":{"line":1,"column":0},"end":{"line":9,"column":-138}},"locations":[{"start":{"line":1,"column":0},"end":{"line":9,"column":-138}}]}},"b":{"0":[0]},"fnMap":{"0":{"name":"(empty-report)","decl":{"start":{"line":1,"column":0},"end":{"line":9,"column":-138}},"loc":{"start":{"line":1,"column":0},"end":{"line":9,"column":-138}},"line":1}},"f":{"0":0}}
,"/home/thiago/Projects/indicapp-api/src/useCases/users/factories/makeUpdateUserUseCase.ts": {"path":"/home/thiago/Projects/indicapp-api/src/useCases/users/factories/makeUpdateUserUseCase.ts","all":true,"statementMap":{"0":{"start":{"line":1,"column":0},"end":{"line":1,"column":90}},"3":{"start":{"line":4,"column":0},"end":{"line":4,"column":41}},"4":{"start":{"line":5,"column":0},"end":{"line":5,"column":53}},"5":{"start":{"line":6,"column":0},"end":{"line":6,"column":67}},"7":{"start":{"line":8,"column":0},"end":{"line":8,"column":28}},"8":{"start":{"line":9,"column":0},"end":{"line":9,"column":1}}},"s":{"0":0,"3":0,"4":0,"5":0,"7":0,"8":0},"branchMap":{"0":{"type":"branch","line":1,"loc":{"start":{"line":1,"column":0},"end":{"line":9,"column":-144}},"locations":[{"start":{"line":1,"column":0},"end":{"line":9,"column":-144}}]}},"b":{"0":[0]},"fnMap":{"0":{"name":"(empty-report)","decl":{"start":{"line":1,"column":0},"end":{"line":9,"column":-144}},"loc":{"start":{"line":1,"column":0},"end":{"line":9,"column":-144}},"line":1}},"f":{"0":0}}
}
